{"question": "q1", "student": "211062722", "grades": {"q1": 1}}
{"question": "q1", "student": "211062007", "grades": {"q1": 1}}
{"question": "q1", "student": "211062876", "grades": {"q1": 1}}
{"question": "q1", "student": "190088656", "grades": {"q1": 1}}
{"question": "q1", "student": "211062230", "grades": {"q1": 1}}
{"question": "q1", "student": "211062188", "grades": {"q1": 1}}
{"question": "q1", "student": "211062624", "grades": {"q1": 1}}
{"question": "q1", "student": "211062698", "grades": {"q1": 1}}
{"question": "q1", "student": "211062974", "grades": {"q1": 0}}
{"question": "q1", "student": "211061538", "grades": {"q1": 1}}
{"question": "q1", "student": "211063194", "grades": {"q1": 1}}
{"question": "q1", "student": "211062320", "grades": {"q1": 1}}
{"question": "q1", "student": "170162354", "grades": {"q1": 1}}
{"question": "q1", "student": "190086106", "grades": {"q1": 1}}
{"question": "q1", "student": "211062043", "grades": {"q1": 1}}
{"question": "q1", "student": "211061340", "grades": {"q1": 1}}
{"question": "q1", "student": "211062259", "grades": {"q1": 1}}
{"question": "q1", "student": "211063149", "grades": {"q1": 1}}
{"question": "q1", "student": "211062240", "grades": {"q1": 1}}
{"question": "q1", "student": "211061510", "grades": {"q1": 1}}
{"question": "q1", "student": "211062796", "grades": {"q1": 1}}
{"question": "q1", "student": "211062016", "grades": {"q1": 1}}
{"question": "q1", "student": "211063004", "grades": {"q1": 1}}
{"question": "q1", "student": "211062535", "grades": {"q1": 0}}
{"question": "q1", "student": "211063185", "grades": {"q1": 1}}
{"question": "q1", "student": "211061430", "grades": {"q1": 0}}
{"question": "q1", "student": "211061467", "grades": {"q1": 0}}
{"question": "q1", "student": "211062526", "grades": {"q1": 1}}
{"question": "q1", "student": "211061986", "grades": {"q1": 1}}
{"question": "q1", "student": "211062295", "grades": {"q1": 1}}
{"question": "q1", "student": "180136801", "grades": {"q1": 1}}
{"question": "q1", "student": "211062689", "grades": {"q1": 1}}
{"question": "q1", "student": "211063158", "grades": {"q1": 1}}
{"question": "q1", "student": "190089971", "grades": {"q1": 1}}
{"question": "q1", "student": "211061458", "grades": {"q1": 0}}
{"question": "q1", "student": "190031697", "grades": {"q1": 1}}
{"question": "q1", "student": "140153357", "grades": {"q1": 1}}
{"question": "q1", "student": "211062615", "grades": {"q1": 1}}
{"question": "q1", "student": "180147064", "grades": {"q1": 1}}
{"question": "q1", "student": "180100246", "grades": {"q1": 1}}
{"question": "q2", "student": "211062722", "grades": {"q2": 0}}
{"question": "q2", "student": "211062007", "grades": {"q2": 1}}
{"question": "q2", "student": "211062876", "grades": {"q2": 1}}
{"question": "q2", "student": "190088656", "grades": {"q2": 1}}
{"question": "q2", "student": "211062230", "grades": {"q2": 1}}
{"question": "q2", "student": "211062188", "grades": {"q2": 1}}
{"question": "q2", "student": "211062624", "grades": {"q2": 1}}
{"question": "q2", "student": "211062698", "grades": {"q2": 0}}
{"question": "q2", "student": "211062974", "grades": {"q2": 0}}
{"question": "q2", "student": "211061538", "grades": {"q2": 0}}
{"question": "q2", "student": "211063194", "grades": {"q2": 1}}
{"question": "q2", "student": "211062320", "grades": {"q2": 1}}
{"question": "q2", "student": "170162354", "grades": {"q2": 1}}
{"question": "q2", "student": "190086106", "grades": {"q2": 1}}
{"question": "q2", "student": "211062043", "grades": {"q2": 1}}
{"question": "q2", "student": "211061340", "grades": {"q2": 1}}
{"question": "q2", "student": "211062259", "grades": {"q2": 1}}
{"question": "q2", "student": "211063149", "grades": {"q2": 1}}
{"question": "q2", "student": "211062240", "grades": {"q2": 1}}
{"question": "q2", "student": "211061510", "grades": {"q2": 1}}
{"question": "q2", "student": "211062796", "grades": {"q2": 1}}
{"question": "q2", "student": "211062016", "grades": {"q2": 0}}
{"question": "q2", "student": "211063004", "grades": {"q2": 0}}
{"question": "q2", "student": "211062535", "grades": {"q2": 0}}
{"question": "q2", "student": "211063185", "grades": {"q2": 1}}
{"question": "q2", "student": "211061430", "grades": {"q2": 0}}
{"question": "q2", "student": "211061467", "grades": {"q2": 0}}
{"question": "q2", "student": "211062526", "grades": {"q2": 1}}
{"question": "q2", "student": "211061986", "grades": {"q2": 1}}
{"question": "q2", "student": "211062295", "grades": {"q2": 1}}
{"question": "q2", "student": "180136801", "grades": {"q2": 1}}
{"question": "q2", "student": "211062689", "grades": {"q2": 0}}
{"question": "q2", "student": "211063158", "grades": {"q2": 0}}
{"question": "q2", "student": "190089971", "grades": {"q2": 1}}
{"question": "q2", "student": "211061458", "grades": {"q2": 0}}
{"question": "q2", "student": "190031697", "grades": {"q2": 1}}
{"question": "q2", "student": "140153357", "grades": {"q2": 1}}
{"question": "q2", "student": "211062615", "grades": {"q2": 1}}
{"question": "q2", "student": "180147064", "grades": {"q2": 1}}
{"question": "q2", "student": "180100246", "grades": {"q2": 1}}
{"question": "q3", "student": "211062722", "grades": {"q3": true}}
{"question": "q3", "student": "211062007", "grades": {"q3": true}}
{"question": "q3", "student": "211062876", "grades": {"q3": false}}
{"question": "q3", "student": "190088656", "grades": {"q3": true}}
{"question": "q3", "student": "211062230", "grades": {"q3": true}}
{"question": "q3", "student": "211062188", "grades": {"q3": true}}
{"question": "q3", "student": "211062624", "grades": {"q3": true}}
{"question": "q3", "student": "211062698", "grades": {"q3": true}}
{"question": "q3", "student": "211062974", "grades": {"q3": false}}
{"question": "q3", "student": "211061538", "grades": {"q3": true}}
{"question": "q3", "student": "211063194", "grades": {"q3": true}}
{"question": "q3", "student": "211062320", "grades": {"q3": true}}
{"question": "q3", "student": "170162354", "grades": {"q3": true}}
{"question": "q3", "student": "190086106", "grades": {"q3": true}}
{"question": "q3", "student": "211062043", "grades": {"q3": false}}
{"question": "q3", "student": "211061340", "grades": {"q3": true}}
{"question": "q3", "student": "211062259", "grades": {"q3": false}}
{"question": "q3", "student": "211063149", "grades": {"q3": true}}
{"question": "q3", "student": "211062240", "grades": {"q3": true}}
{"question": "q3", "student": "211061510", "grades": {"q3": false}}
{"question": "q3", "student": "211062796", "grades": {"q3": true}}
{"question": "q3", "student": "211062016", "grades": {"q3": true}}
{"question": "q3", "student": "211063004", "grades": {"q3": false}}
{"question": "q3", "student": "211062535", "grades": {"q3": false}}
{"question": "q3", "student": "211063185", "grades": {"q3": true}}
{"question": "q3", "student": "211061430", "grades": {"q3": false}}
{"question": "q3", "student": "211061467", "grades": {"q3": false}}
{"question": "q3", "student": "211062526", "grades": {"q3": true}}
{"question": "q3", "student": "211061986", "grades": {"q3": true}}
{"question": "q3", "student": "211062295", "grades": {"q3": true}}
{"question": "q3", "student": "180136801", "grades": {"q3": true}}
{"question": "q3", "student": "211062689", "grades": {"q3": false}}
{"question": "q3", "student": "211063158", "grades": {"q3": true}}
{"question": "q3", "student": "190089971", "grades": {"q3": true}}
{"question": "q3", "student": "211061458", "grades": {"q3": false}}
{"question": "q3", "student": "190031697", "grades": {"q3": true}}
{"question": "q3", "student": "140153357", "grades": {"q3": true}}
{"question": "q3", "student": "211062615", "grades": {"q3": true}}
{"question": "q3", "student": "180147064", "grades": {"q3": true}}
{"question": "q3", "student": "180100246", "grades": {"q3": true}}
{"question": "q6", "student": "211062722", "grades": {"q6": true}}
{"question": "q6", "student": "211062007", "grades": {"q6": true}}
{"question": "q6", "student": "211062876", "grades": {"q6": true}}
{"question": "q6", "student": "190088656", "grades": {"q6": true}}
{"question": "q6", "student": "211062188", "grades": {"q6": true}}
{"question": "q6", "student": "211062698", "grades": {"q6": true}}
{"question": "q6", "student": "211061538", "grades": {"q6": true}}
{"question": "q6", "student": "211063194", "grades": {"q6": true}}
{"question": "q6", "student": "190086106", "grades": {"q6": true}}
{"question": "q6", "student": "211062259", "grades": {"q6": true}}
{"question": "q6", "student": "211063149", "grades": {"q6": true}}
{"question": "q6", "student": "211062240", "grades": {"q6": true}}
{"question": "q6", "student": "211062796", "grades": {"q6": true}}
{"question": "q6", "student": "211062230", "grades": {"q6": false}}
{"question": "q6", "student": "211062624", "grades": {"q6": false}}
{"question": "q6", "student": "211062974", "grades": {"q6": false}}
{"question": "q6", "student": "211062320", "grades": {"q6": false}}
{"question": "q6", "student": "170162354", "grades": {"q6": false}}
{"question": "q6", "student": "211062043", "grades": {"q6": false}}
{"question": "q6", "student": "211061340", "grades": {"q6": false}}
{"question": "q6", "student": "211061510", "grades": {"q6": false}}
{"question": "q6", "student": "211062016", "grades": {"q6": true}}
{"question": "q6", "student": "211063004", "grades": {"q6": false}}
{"question": "q6", "student": "211062535", "grades": {"q6": false}}
{"question": "q6", "student": "211063185", "grades": {"q6": false}}
{"question": "q6", "student": "211061430", "grades": {"q6": false}}
{"question": "q6", "student": "211061467", "grades": {"q6": false}}
{"question": "q6", "student": "211062526", "grades": {"q6": true}}
{"question": "q6", "student": "211061986", "grades": {"q6": true}}
{"question": "q6", "student": "211062295", "grades": {"q6": true}}
{"question": "q6", "student": "180136801", "grades": {"q6": true}}
{"question": "q6", "student": "211062689", "grades": {"q6": true}}
{"question": "q6", "student": "211063158", "grades": {"q6": true}}
{"question": "q6", "student": "190089971", "grades": {"q6": true}}
{"question": "q6", "student": "211061458", "grades": {"q6": true}}
{"question": "q6", "student": "190031697", "grades": {"q6": true}}
{"question": "q6", "student": "140153357", "grades": {"q6": true}}
{"question": "q6", "student": "211062615", "grades": {"q6": true}}
{"question": "q6", "student": "180147064", "grades": {"q6": true}}
{"question": "q6", "student": "180100246", "grades": {"q6": true}}
{"question": "q5", "student": "211062722", "grades": {"q5": 1}}
{"question": "q5", "student": "211062007", "grades": {"q5": 1}}
{"question": "q5", "student": "211062876", "grades": {"q5": 1}}
{"question": "q5", "student": "190088656", "grades": {"q5": 1}}
{"question": "q5", "student": "211062230", "grades": {"q5": 1}}
{"question": "q5", "student": "211062188", "grades": {"q5": 1}}
{"question": "q5", "student": "211062624", "grades": {"q5": 1}}
{"question": "q5", "student": "211062698", "grades": {"q5": 1}}
{"question": "q5", "student": "211062974", "grades": {"q5": false}}
{"question": "q5", "student": "211061538", "grades": {"q5": 1}}
{"question": "q5", "student": "211063194", "grades": {"q5": 1}}
{"question": "q5", "student": "211062320", "grades": {"q5": 1}}
{"question": "q5", "student": "170162354", "grades": {"q5": 1}}
{"question": "q5", "student": "190086106", "grades": {"q5": 1}}
{"question": "q5", "student": "211062043", "grades": {"q5": false}}
{"question": "q5", "student": "211061340", "grades": {"q5": false}}
{"question": "q5", "student": "211062259", "grades": {"q5": 1}}
{"question": "q5", "student": "211063149", "grades": {"q5": 1}}
{"question": "q5", "student": "211062240", "grades": {"q5": 1}}
{"question": "q5", "student": "211061510", "grades": {"q5": 1}}
{"question": "q5", "student": "211062796", "grades": {"q5": 1}}
{"question": "q5", "student": "211062016", "grades": {"q5": 1}}
{"question": "q5", "student": "211063004", "grades": {"q5": false}}
{"question": "q5", "student": "211062535", "grades": {"q5": 1}}
{"question": "q5", "student": "211063185", "grades": {"q5": 1}}
{"question": "q5", "student": "211061430", "grades": {"q5": false}}
{"question": "q5", "student": "211061467", "grades": {"q5": false}}
{"question": "q5", "student": "211062526", "grades": {"q5": 1}}
{"question": "q5", "student": "211061986", "grades": {"q5": 1}}
{"question": "q5", "student": "211062295", "grades": {"q5": 1}}
{"question": "q5", "student": "180136801", "grades": {"q5": 1}}
{"question": "q5", "student": "211062689", "grades": {"q5": 1}}
{"question": "q5", "student": "211063158", "grades": {"q5": 1}}
{"question": "q5", "student": "190089971", "grades": {"q5": 1}}
{"question": "q5", "student": "211061458", "grades": {"q5": 1}}
{"question": "q5", "student": "190031697", "grades": {"q5": 1}}
{"question": "q5", "student": "140153357", "grades": {"q5": 1}}
{"question": "q5", "student": "211062615", "grades": {"q5": 1}}
{"question": "q5", "student": "180147064", "grades": {"q5": 1}}
{"question": "q5", "student": "180100246", "grades": {"q5": 1}}
{"question": "q4", "student": "211062722", "grades": {"q4": 1}}
{"question": "q4", "student": "211062007", "grades": {"q4": true}}
{"question": "q4", "student": "211062876", "grades": {"q4": true}}
{"question": "q4", "student": "190088656", "grades": {"q4": true}}
{"question": "q4", "student": "211062230", "grades": {"q4": true}}
{"question": "q4", "student": "211062188", "grades": {"q4": true}}
{"question": "q4", "student": "211062624", "grades": {"q4": true}}
{"question": "q4", "student": "211062698", "grades": {"q4": true}}
{"question": "q4", "student": "211062974", "grades": {"q4": 0}}
{"question": "q4", "student": "211061538", "grades": {"q4": true}}
{"question": "q4", "student": "211063194", "grades": {"q4": true}}
{"question": "q4", "student": "211062320", "grades": {"q4": true}}
{"question": "q4", "student": "170162354", "grades": {"q4": true}}
{"question": "q4", "student": "190086106", "grades": {"q4": true}}
{"question": "q4", "student": "211062043", "grades": {"q4": true}}
{"question": "q4", "student": "211061340", "grades": {"q4": true}}
{"question": "q4", "student": "211062259", "grades": {"q4": true}}
{"question": "q4", "student": "211063149", "grades": {"q4": true}}
{"question": "q4", "student": "211062240", "grades": {"q4": true}}
{"question": "q4", "student": "211061510", "grades": {"q4": true}}
{"question": "q4", "student": "211062796", "grades": {"q4": true}}
{"question": "q4", "student": "211062016", "grades": {"q4": true}}
{"question": "q4", "student": "211063004", "grades": {"q4": 0}}
{"question": "q4", "student": "211062535", "grades": {"q4": 0}}
{"question": "q4", "student": "211063185", "grades": {"q4": true}}
{"question": "q4", "student": "211061430", "grades": {"q4": 0}}
{"question": "q4", "student": "211061467", "grades": {"q4": 0}}
{"question": "q4", "student": "211062526", "grades": {"q4": true}}
{"question": "q4", "student": "211061986", "grades": {"q4": true}}
{"question": "q4", "student": "211062295", "grades": {"q4": true}}
{"question": "q4", "student": "180136801", "grades": {"q4": true}}
{"question": "q4", "student": "211062689", "grades": {"q4": 0}}
{"question": "q4", "student": "211063158", "grades": {"q4": 0}}
{"question": "q4", "student": "190089971", "grades": {"q4": true}}
{"question": "q4", "student": "211061458", "grades": {"q4": 0}}
{"question": "q4", "student": "190031697", "grades": {"q4": true}}
{"question": "q4", "student": "140153357", "grades": {"q4": 0}}
{"question": "q4", "student": "211062615", "grades": {"q4": true}}
{"question": "q4", "student": "180147064", "grades": {"q4": true}}
{"question": "q4", "student": "180100246", "grades": {"q4": true}}
{"question": "q7", "student": "211062722", "grades": {"q7": true}}
{"question": "q7", "student": "211062007", "grades": {"q7": true}}
{"question": "q7", "student": "211062876", "grades": {"q7": true}}
{"question": "q7", "student": "190088656", "grades": {"q7": true}}
{"question": "q7", "student": "211062230", "grades": {"q7": 0.5}}
{"question": "q7", "student": "211062188", "grades": {"q7": 0.5}}
{"question": "q7", "student": "211062624", "grades": {"q7": true}}
{"question": "q7", "student": "211062698", "grades": {"q7": 0.5}}
{"question": "q7", "student": "211062974", "grades": {"q7": 0}}
{"question": "q7", "student": "211061538", "grades": {"q7": true}}
{"question": "q7", "student": "211063194", "grades": {"q7": true}}
{"question": "q7", "student": "211062320", "grades": {"q7": true}}
{"question": "q7", "student": "170162354", "grades": {"q7": true}}
{"question": "q7", "student": "190086106", "grades": {"q7": true}}
{"question": "q7", "student": "211062043", "grades": {"q7": 0.5}}
{"question": "q7", "student": "211061340", "grades": {"q7": true}}
{"question": "q7", "student": "211062259", "grades": {"q7": 0.5}}
{"question": "q7", "student": "211063149", "grades": {"q7": true}}
{"question": "q7", "student": "211062240", "grades": {"q7": 0}}
{"question": "q7", "student": "211061510", "grades": {"q7": true}}
{"question": "q7", "student": "211062796", "grades": {"q7": true}}
{"question": "q7", "student": "211062016", "grades": {"q7": true}}
{"question": "q7", "student": "211063004", "grades": {"q7": 0}}
{"question": "q7", "student": "211062535", "grades": {"q7": 0}}
{"question": "q7", "student": "211063185", "grades": {"q7": true}}
{"question": "q7", "student": "211061430", "grades": {"q7": 0}}
{"question": "q7", "student": "211061467", "grades": {"q7": 0}}
{"question": "q7", "student": "211062526", "grades": {"q7": 0.5}}
{"question": "q7", "student": "211061986", "grades": {"q7": true}}
{"question": "q7", "student": "211062295", "grades": {"q7": true}}
{"question": "q7", "student": "180136801", "grades": {"q7": true}}
{"question": "q7", "student": "211062689", "grades": {"q7": 0.5}}
{"question": "q7", "student": "211063158", "grades": {"q7": true}}
{"question": "q7", "student": "190089971", "grades": {"q7": true}}
{"question": "q7", "student": "211061458", "grades": {"q7": 0.5}}
{"question": "q7", "student": "190031697", "grades": {"q7": true}}
{"question": "q7", "student": "140153357", "grades": {"q7": true}}
{"question": "q7", "student": "211062615", "grades": {"q7": 0.5}}
{"question": "q7", "student": "180147064", "grades": {"q7": true}}
{"question": "q7", "student": "180100246", "grades": {"q7": true}}
{"question": "q8", "student": "211062722", "grades": {"q8": true}}
{"question": "q8", "student": "211062007", "grades": {"q8": true}}
{"question": "q8", "student": "211062876", "grades": {"q8": true}}
{"question": "q8", "student": "190088656", "grades": {"q8": true}}
{"question": "q8", "student": "211062230", "grades": {"q8": true}}
{"question": "q8", "student": "211062188", "grades": {"q8": true}}
{"question": "q8", "student": "211062624", "grades": {"q8": true}}
{"question": "q8", "student": "211062698", "grades": {"q8": true}}
{"question": "q8", "student": "211062974", "grades": {"q8": 0}}
{"question": "q8", "student": "211061538", "grades": {"q8": true}}
{"question": "q8", "student": "211063194", "grades": {"q8": true}}
{"question": "q8", "student": "211062320", "grades": {"q8": true}}
{"question": "q8", "student": "170162354", "grades": {"q8": true}}
{"question": "q8", "student": "190086106", "grades": {"q8": true}}
{"question": "q8", "student": "211061340", "grades": {"q8": true}}
{"question": "q8", "student": "211062259", "grades": {"q8": true}}
{"question": "q8", "student": "211063149", "grades": {"q8": true}}
{"question": "q8", "student": "211062240", "grades": {"q8": 0}}
{"question": "q8", "student": "211061510", "grades": {"q8": true}}
{"question": "q8", "student": "211062796", "grades": {"q8": true}}
{"question": "q8", "student": "211062043", "grades": {"q8": true}}
{"question": "q8", "student": "211062016", "grades": {"q8": true}}
{"question": "q8", "student": "211063004", "grades": {"q8": 0}}
{"question": "q8", "student": "211062535", "grades": {"q8": true}}
{"question": "q8", "student": "211063185", "grades": {"q8": true}}
{"question": "q8", "student": "211061430", "grades": {"q8": 0}}
{"question": "q8", "student": "211061467", "grades": {"q8": 0}}
{"question": "q8", "student": "211062526", "grades": {"q8": true}}
{"question": "q8", "student": "211061986", "grades": {"q8": true}}
{"question": "q8", "student": "211062295", "grades": {"q8": true}}
{"question": "q8", "student": "180136801", "grades": {"q8": 0}}
{"question": "q8", "student": "211062689", "grades": {"q8": true}}
{"question": "q8", "student": "211063158", "grades": {"q8": true}}
{"question": "q8", "student": "190089971", "grades": {"q8": true}}
{"question": "q8", "student": "211061458", "grades": {"q8": true}}
{"question": "q8", "student": "190031697", "grades": {"q8": true}}
{"question": "q8", "student": "140153357", "grades": {"q8": true}}
{"question": "q8", "student": "211062615", "grades": {"q8": 0}}
{"question": "q8", "student": "180147064", "grades": {"q8": true}}
{"question": "q8", "student": "180100246", "grades": {"q8": true}}
{"question": "q9", "student": "211062722", "grades": {"q9": 0}}
{"question": "q9", "student": "211062007", "grades": {"q9": 0}}
{"question": "q9", "student": "211062876", "grades": {"q9": 0}}
{"question": "q9", "student": "211062230", "grades": {"q9": 0}}
{"question": "q9", "student": "211062188", "grades": {"q9": 0}}
{"question": "q9", "student": "211062624", "grades": {"q9": 0}}
{"question": "q9", "student": "211062698", "grades": {"q9": 0}}
{"question": "q9", "student": "211062974", "grades": {"q9": 0}}
{"question": "q9", "student": "211061538", "grades": {"q9": 0}}
{"question": "q9", "student": "211063194", "grades": {"q9": 0}}
{"question": "q9", "student": "211062320", "grades": {"q9": 0}}
{"question": "q9", "student": "170162354", "grades": {"q9": 0}}
{"question": "q9", "student": "190086106", "grades": {"q9": 0}}
{"question": "q9", "student": "211062043", "grades": {"q9": 0}}
{"question": "q9", "student": "211061340", "grades": {"q9": 0}}
{"question": "q9", "student": "211062259", "grades": {"q9": 0}}
{"question": "q9", "student": "211063149", "grades": {"q9": 0}}
{"question": "q9", "student": "211062240", "grades": {"q9": 0}}
{"question": "q9", "student": "211062796", "grades": {"q9": 0}}
{"question": "q9", "student": "211062016", "grades": {"q9": 0}}
{"question": "q9", "student": "211063004", "grades": {"q9": 0}}
{"question": "q9", "student": "211062535", "grades": {"q9": 0}}
{"question": "q9", "student": "211063185", "grades": {"q9": 0}}
{"question": "q9", "student": "211061430", "grades": {"q9": 0}}
{"question": "q9", "student": "211061467", "grades": {"q9": 0}}
{"question": "q9", "student": "211062526", "grades": {"q9": 0}}
{"question": "q9", "student": "211061986", "grades": {"q9": 0}}
{"question": "q9", "student": "211062295", "grades": {"q9": 0}}
{"question": "q9", "student": "180136801", "grades": {"q9": 0}}
{"question": "q9", "student": "211062689", "grades": {"q9": 0}}
{"question": "q9", "student": "211063158", "grades": {"q9": 0}}
{"question": "q9", "student": "190089971", "grades": {"q9": true}}
{"question": "q9", "student": "211061458", "grades": {"q9": 0}}
{"question": "q9", "student": "190031697", "grades": {"q9": 0}}
{"question": "q9", "student": "140153357", "grades": {"q9": 0}}
{"question": "q9", "student": "211062615", "grades": {"q9": 0}}
{"question": "q9", "student": "180147064", "grades": {"q9": 0}}
{"question": "q1", "student": "211062384", "feedback": null, "grades": {}, "weights": null, "mode": "MANUAL", "comment": "", "timestamp": "2022-05-13T01:52:13.711890"}
{"question": "q1", "student": "211062787", "feedback": null, "grades": {}, "weights": null, "mode": "MANUAL", "comment": "", "timestamp": "2022-05-13T01:52:17.880361"}
{"question": "q1", "student": "180011618", "feedback": null, "grades": {}, "weights": null, "mode": "MANUAL", "comment": "", "timestamp": "2022-05-13T01:52:21.289516"}
{"question": "q2", "student": "211062384", "feedback": null, "grades": {}, "weights": null, "mode": "MANUAL", "comment": "", "timestamp": "2022-05-13T01:52:40.506922"}
{"question": "q2", "student": "211062787", "feedback": null, "grades": {}, "weights": null, "mode": "MANUAL", "comment": "", "timestamp": "2022-05-13T01:52:50.867877"}
{"question": "q2", "student": "180011618", "feedback": null, "grades": {}, "weights": null, "mode": "MANUAL", "comment": "", "timestamp": "2022-05-13T01:53:02.148713"}
{"question": "q3", "student": "211062384", "feedback": {"@type": "teach.core.feedback.SimpleFeedback", "key": "success", "msg": "", "payload": null, "is_success": true}, "grades": {"q3": 1}, "weights": null, "mode": "AUTO", "comment": "", "timestamp": "2022-05-13T01:53:02.296283"}
{"question": "q3", "student": "211062787", "feedback": {"@type": "teach.core.feedback.SimpleFeedback", "key": "success", "msg": "", "payload": null, "is_success": true}, "grades": {"q3": 1}, "weights": null, "mode": "AUTO", "comment": "", "timestamp": "2022-05-13T01:53:02.363789"}
{"question": "q3", "student": "180011618", "feedback": {"@type": "teach.core.feedback.SimpleFeedback", "key": "success", "msg": "", "payload": null, "is_success": true}, "grades": {"q3": 1}, "weights": null, "mode": "AUTO", "comment": "", "timestamp": "2022-05-13T01:53:02.433360"}
{"question": "q4", "student": "211062384", "feedback": null, "grades": {}, "weights": null, "mode": "MANUAL", "comment": "", "timestamp": "2022-05-13T01:53:13.485863"}
{"question": "q4", "student": "211062787", "feedback": null, "grades": {}, "weights": null, "mode": "MANUAL", "comment": "", "timestamp": "2022-05-13T01:53:22.374348"}
{"question": "q4", "student": "180011618", "feedback": null, "grades": {}, "weights": null, "mode": "MANUAL", "comment": "", "timestamp": "2022-05-13T01:53:24.174658"}
{"question": "q5", "student": "211062384", "feedback": {"@type": "teach.core.feedback.SimpleFeedback", "key": "success", "msg": "", "payload": null, "is_success": true}, "grades": {"q5": 1}, "weights": null, "mode": "AUTO", "comment": "", "timestamp": "2022-05-13T01:53:24.521812"}
{"question": "q5", "student": "211062787", "feedback": {"@type": "teach.core.feedback.SimpleFeedback", "key": "success", "msg": "", "payload": null, "is_success": true}, "grades": {"q5": 1}, "weights": null, "mode": "AUTO", "comment": "", "timestamp": "2022-05-13T01:53:24.684332"}
{"question": "q5", "student": "180011618", "feedback": {"@type": "teach.core.feedback.SimpleFeedback", "key": "success", "msg": "", "payload": null, "is_success": true}, "grades": {"q5": 1}, "weights": null, "mode": "AUTO", "comment": "", "timestamp": "2022-05-13T01:53:24.846098"}
{"question": "q6", "student": "211062384", "feedback": {"@type": "teach.core.feedback.SimpleFeedback", "key": "success", "msg": "", "payload": null, "is_success": true}, "grades": {"q6": 1}, "weights": null, "mode": "AUTO", "comment": "", "timestamp": "2022-05-13T01:53:25.007932"}
{"question": "q6", "student": "211062787", "feedback": {"@type": "teach.core.feedback.SimpleFeedback", "key": "success", "msg": "", "payload": null, "is_success": true}, "grades": {"q6": 1}, "weights": null, "mode": "AUTO", "comment": "", "timestamp": "2022-05-13T01:53:25.073503"}
{"question": "q6", "student": "180011618", "feedback": {"@type": "teach.core.feedback.SimpleFeedback", "key": "success", "msg": "", "payload": null, "is_success": true}, "grades": {"q6": 1}, "weights": null, "mode": "AUTO", "comment": "", "timestamp": "2022-05-13T01:53:25.142827"}
{"question": "q7", "student": "211062384", "feedback": null, "grades": {}, "weights": null, "mode": "MANUAL", "comment": "", "timestamp": "2022-05-13T01:53:28.558480"}
{"question": "q7", "student": "211062787", "feedback": null, "grades": {}, "weights": null, "mode": "MANUAL", "comment": "", "timestamp": "2022-05-13T01:53:30.302934"}
{"question": "q7", "student": "180011618", "feedback": null, "grades": {}, "weights": null, "mode": "MANUAL", "comment": "", "timestamp": "2022-05-13T01:53:32.327246"}
{"question": "q8", "student": "211062384", "feedback": null, "grades": {}, "weights": null, "mode": "MANUAL", "comment": "", "timestamp": "2022-05-13T01:53:40.639790"}
{"question": "q8", "student": "211062787", "feedback": null, "grades": {}, "weights": null, "mode": "MANUAL", "comment": "", "timestamp": "2022-05-13T01:53:43.408224"}
{"question": "q8", "student": "180011618", "feedback": null, "grades": {}, "weights": null, "mode": "MANUAL", "comment": "", "timestamp": "2022-05-13T01:53:44.728423"}
{"question": "q9", "student": "211061510", "feedback": null, "grades": {}, "weights": null, "mode": "MANUAL", "comment": "", "timestamp": "2022-05-13T01:54:24.123683"}
{"question": "q9", "student": "180100246", "feedback": null, "grades": {}, "weights": null, "mode": "MANUAL", "comment": "", "timestamp": "2022-05-13T01:55:55.387812"}
{"question": "q9", "student": "190088656", "feedback": null, "grades": {}, "weights": null, "mode": "MANUAL", "comment": "", "timestamp": "2022-05-13T01:56:04.334410"}
{"question": "q9", "student": "211062384", "feedback": null, "grades": {}, "weights": null, "mode": "MANUAL", "comment": "", "timestamp": "2022-05-13T01:56:11.109405"}
{"question": "q9", "student": "211062787", "feedback": null, "grades": {}, "weights": null, "mode": "MANUAL", "comment": "", "timestamp": "2022-05-13T01:56:12.917469"}
{"question": "q9", "student": "180011618", "feedback": null, "grades": {}, "weights": null, "mode": "MANUAL", "comment": "", "timestamp": "2022-05-13T01:56:27.349424"}
